This file contains any messages produced by compilers while
running configure, to aid debugging if configure makes a mistake.

It was created by configure, which was
generated by GNU Autoconf 2.72.  Invocation command line was

  $ ./configure

## --------- ##
## Platform. ##
## --------- ##

hostname = MBP16deVictor.home
uname -m = x86_64
uname -r = 23.6.0
uname -s = Darwin
uname -v = Darwin Kernel Version 23.6.0: Thu Sep 12 23:34:49 PDT 2024; root:xnu-10063.141.1.701.1~1/RELEASE_X86_64

/usr/bin/uname -p = i386
/bin/uname -X     = unknown

/bin/arch              = unknown
/usr/bin/arch -k       = unknown
/usr/convex/getsysinfo = unknown
/usr/bin/hostinfo      = Mach kernel version:
	 Darwin Kernel Version 23.6.0: Thu Sep 12 23:34:49 PDT 2024; root:xnu-10063.141.1.701.1~1/RELEASE_X86_64
Kernel configured for up to 16 processors.
8 processors are physically available.
16 processors are logically available.
Processor type: x86_64h (Intel x86-64h Haswell)
Processors active: 0 1 2 3 4 5 6 7 8 9 10 11 12 13 14 15
Primary memory available: 16.00 gigabytes
Default processor set: 753 tasks, 3259 threads, 16 processors
Load average: 3.08, Mach factor: 12.95
/bin/machine           = unknown
/usr/bin/oslevel       = unknown
/bin/universe          = unknown

PATH: /Users/vaquero/anaconda3/bin/
PATH: /Users/vaquero/anaconda3/condabin/
PATH: /usr/local/bin/
PATH: /System/Cryptexes/App/usr/bin/
PATH: /usr/bin/
PATH: /bin/
PATH: /usr/sbin/
PATH: /sbin/
PATH: /usr/local/opt/php@7.4/bin/
PATH: /usr/local/opt/php@7.4/sbin/
PATH: /var/run/com.apple.security.cryptexd/codex.system/bootstrap/usr/local/bin/
PATH: /var/run/com.apple.security.cryptexd/codex.system/bootstrap/usr/bin/
PATH: /var/run/com.apple.security.cryptexd/codex.system/bootstrap/usr/appleinternal/bin/
PATH: /Library/Apple/usr/bin/
PATH: /Applications/VMware Fusion.app/Contents/Public/
PATH: /usr/local/share/dotnet/
PATH: ~/.dotnet/tools/


## ----------- ##
## Core tests. ##
## ----------- ##

configure:2555: looking for aux files: config.guess config.sub
configure:2568:  trying ./build/
configure:2597:   ./build/config.guess found
configure:2597:   ./build/config.sub found
configure:2715: checking for grep that handles long lines and -e
configure:2781: result: /usr/bin/grep
configure:2786: checking for egrep
configure:2856: result: /usr/bin/grep -E
configure:2863: checking for a sed that does not truncate output
configure:2935: result: /usr/bin/sed
configure:3080: checking for pkg-config
configure:3119: result: no
configure:3221: checking for cc
configure:3242: found /usr/bin/cc
configure:3254: result: cc
configure:3285: checking for C compiler version
configure:3294: cc --version >&5
Apple clang version 16.0.0 (clang-1600.0.26.4)
Target: x86_64-apple-darwin23.6.0
Thread model: posix
InstalledDir: /Library/Developer/CommandLineTools/usr/bin
configure:3305: $? = 0
configure:3294: cc -v >&5
Apple clang version 16.0.0 (clang-1600.0.26.4)
Target: x86_64-apple-darwin23.6.0
Thread model: posix
InstalledDir: /Library/Developer/CommandLineTools/usr/bin
configure:3305: $? = 0
configure:3294: cc -V >&5
clang: error: argument to '-V' is missing (expected 1 value)
clang: error: no input files
configure:3305: $? = 1
configure:3294: cc -qversion >&5
clang: error: unknown argument '-qversion'; did you mean '--version'?
clang: error: no input files
configure:3305: $? = 1
configure:3294: cc -version >&5
clang: error: unknown argument '-version'; did you mean '--version'?
clang: error: no input files
configure:3305: $? = 1
configure:3325: checking whether the C compiler works
configure:3347: cc    conftest.c  >&5
configure:3351: $? = 0
configure:3402: result: yes
configure:3406: checking for C compiler default output file name
configure:3408: result: a.out
configure:3414: checking for suffix of executables
configure:3421: cc -o conftest    conftest.c  >&5
configure:3425: $? = 0
configure:3449: result: 
configure:3473: checking whether we are cross compiling
configure:3481: cc -o conftest    conftest.c  >&5
configure:3485: $? = 0
configure:3492: ./conftest
configure:3496: $? = 0
configure:3511: result: no
configure:3517: checking for suffix of object files
configure:3540: cc -c   conftest.c >&5
configure:3544: $? = 0
configure:3568: result: o
configure:3572: checking whether the compiler supports GNU C
configure:3592: cc -c   conftest.c >&5
configure:3592: $? = 0
configure:3604: result: yes
configure:3615: checking whether cc accepts -g
configure:3636: cc -c -g  conftest.c >&5
configure:3636: $? = 0
configure:3683: result: yes
configure:3703: checking for cc option to enable C11 features
configure:3718: cc  -c -g -O2  conftest.c >&5
configure:3718: $? = 0
configure:3737: result: none needed
configure:3861: checking how to run the C preprocessor
configure:3887: cc -E  conftest.c
configure:3887: $? = 0
configure:3903: cc -E  conftest.c
conftest.c:9:10: fatal error: 'ac_nonexistent.h' file not found
    9 | #include <ac_nonexistent.h>
      |          ^~~~~~~~~~~~~~~~~~
1 error generated.
configure:3903: $? = 1
configure: failed program was:
| /* confdefs.h */
| #define PACKAGE_NAME ""
| #define PACKAGE_TARNAME ""
| #define PACKAGE_VERSION ""
| #define PACKAGE_STRING ""
| #define PACKAGE_BUGREPORT ""
| #define PACKAGE_URL ""
| /* end confdefs.h.  */
| #include <ac_nonexistent.h>
configure:3932: result: cc -E
configure:3946: cc -E  conftest.c
configure:3946: $? = 0
configure:3962: cc -E  conftest.c
conftest.c:9:10: fatal error: 'ac_nonexistent.h' file not found
    9 | #include <ac_nonexistent.h>
      |          ^~~~~~~~~~~~~~~~~~
1 error generated.
configure:3962: $? = 1
configure: failed program was:
| /* confdefs.h */
| #define PACKAGE_NAME ""
| #define PACKAGE_TARNAME ""
| #define PACKAGE_VERSION ""
| #define PACKAGE_STRING ""
| #define PACKAGE_BUGREPORT ""
| #define PACKAGE_URL ""
| /* end confdefs.h.  */
| #include <ac_nonexistent.h>
configure:3995: checking for egrep -e
configure:4125: result: /usr/bin/grep -E
configure:4131: checking for icc
configure:4141: result: no
configure:4156: checking for suncc
configure:4166: result: no
configure:4185: checking for system library directory
configure:4202: result: lib
configure:4209: checking if compiler supports -Wl,-rpath,
configure:4229: cc -o conftest -g -O2   conftest.c -Wl,-rpath,/usr/lib  >&5
configure:4229: $? = 0
configure:4242: result: yes
configure:4299: checking build system type
configure:4315: result: x86_64-apple-darwin23.6.0
configure:4335: checking host system type
configure:4350: result: x86_64-apple-darwin23.6.0
configure:4370: checking target system type
configure:4385: result: x86_64-apple-darwin23.6.0
configure:4490: checking for PHP prefix
configure:4492: result: /usr/local/Cellar/php/8.3.12
configure:4494: checking for PHP includes
configure:4496: result: -I/usr/local/Cellar/php/8.3.12/include/php -I/usr/local/Cellar/php/8.3.12/include/php/main -I/usr/local/Cellar/php/8.3.12/include/php/TSRM -I/usr/local/Cellar/php/8.3.12/include/php/Zend -I/usr/local/Cellar/php/8.3.12/include/php/ext -I/usr/local/Cellar/php/8.3.12/include/php/ext/date/lib
configure:4498: checking for PHP extension directory
configure:4500: result: /usr/local/Cellar/php/8.3.12/pecl/20230831
configure:4502: checking for PHP installed headers prefix
configure:4504: result: /usr/local/Cellar/php/8.3.12/include/php
configure:4507: checking if debug is enabled
configure:4535: result: no
configure:4538: checking if zts is enabled
configure:4566: result: no
configure:4634: checking for gawk
configure:4671: result: no
configure:4634: checking for nawk
configure:4671: result: no
configure:4634: checking for awk
configure:4656: found /usr/bin/awk
configure:4668: result: awk
configure:4691: checking if awk is broken
configure:4698: result: no
configure:4712: checking whether to enable Xdebug support
configure:4753: result: yes, shared
configure:4762: checking whether to enable Xdebug developer build flags
configure:4778: result: no
configure:4787: checking whether to compress profiler files (requires zlib)
configure:4804: result: yes
configure:4834: checking for supported PHP version
configure:4844: result: supported (8.3.12)
configure:4859: checking for clock_gettime
configure:4873: cc -o conftest -g -O2 -I/usr/local/Cellar/php/8.3.12/include/php -I/usr/local/Cellar/php/8.3.12/include/php/main -I/usr/local/Cellar/php/8.3.12/include/php/TSRM -I/usr/local/Cellar/php/8.3.12/include/php/Zend -I/usr/local/Cellar/php/8.3.12/include/php/ext -I/usr/local/Cellar/php/8.3.12/include/php/ext/date/lib   conftest.c  >&5
configure:4873: $? = 0
configure:4877: result: yes
configure:4933: checking for clock_gettime_nsec_np
configure:4933: cc -o conftest -g -O2 -I/usr/local/Cellar/php/8.3.12/include/php -I/usr/local/Cellar/php/8.3.12/include/php/main -I/usr/local/Cellar/php/8.3.12/include/php/TSRM -I/usr/local/Cellar/php/8.3.12/include/php/Zend -I/usr/local/Cellar/php/8.3.12/include/php/ext -I/usr/local/Cellar/php/8.3.12/include/php/ext/date/lib   conftest.c  >&5
configure:4933: $? = 0
configure:4933: result: yes
configure:4947: checking for gettimeofday
configure:4947: cc -o conftest -g -O2 -I/usr/local/Cellar/php/8.3.12/include/php -I/usr/local/Cellar/php/8.3.12/include/php/main -I/usr/local/Cellar/php/8.3.12/include/php/TSRM -I/usr/local/Cellar/php/8.3.12/include/php/Zend -I/usr/local/Cellar/php/8.3.12/include/php/ext -I/usr/local/Cellar/php/8.3.12/include/php/ext/date/lib   conftest.c  >&5
configure:4947: $? = 0
configure:4947: result: yes
configure:4960: checking for stdio.h
configure:4960: cc -c -g -O2 -I/usr/local/Cellar/php/8.3.12/include/php -I/usr/local/Cellar/php/8.3.12/include/php/main -I/usr/local/Cellar/php/8.3.12/include/php/TSRM -I/usr/local/Cellar/php/8.3.12/include/php/Zend -I/usr/local/Cellar/php/8.3.12/include/php/ext -I/usr/local/Cellar/php/8.3.12/include/php/ext/date/lib  conftest.c >&5
configure:4960: $? = 0
configure:4960: result: yes
configure:4960: checking for stdlib.h
configure:4960: cc -c -g -O2 -I/usr/local/Cellar/php/8.3.12/include/php -I/usr/local/Cellar/php/8.3.12/include/php/main -I/usr/local/Cellar/php/8.3.12/include/php/TSRM -I/usr/local/Cellar/php/8.3.12/include/php/Zend -I/usr/local/Cellar/php/8.3.12/include/php/ext -I/usr/local/Cellar/php/8.3.12/include/php/ext/date/lib  conftest.c >&5
configure:4960: $? = 0
configure:4960: result: yes
configure:4960: checking for string.h
configure:4960: cc -c -g -O2 -I/usr/local/Cellar/php/8.3.12/include/php -I/usr/local/Cellar/php/8.3.12/include/php/main -I/usr/local/Cellar/php/8.3.12/include/php/TSRM -I/usr/local/Cellar/php/8.3.12/include/php/Zend -I/usr/local/Cellar/php/8.3.12/include/php/ext -I/usr/local/Cellar/php/8.3.12/include/php/ext/date/lib  conftest.c >&5
configure:4960: $? = 0
configure:4960: result: yes
configure:4960: checking for inttypes.h
configure:4960: cc -c -g -O2 -I/usr/local/Cellar/php/8.3.12/include/php -I/usr/local/Cellar/php/8.3.12/include/php/main -I/usr/local/Cellar/php/8.3.12/include/php/TSRM -I/usr/local/Cellar/php/8.3.12/include/php/Zend -I/usr/local/Cellar/php/8.3.12/include/php/ext -I/usr/local/Cellar/php/8.3.12/include/php/ext/date/lib  conftest.c >&5
configure:4960: $? = 0
configure:4960: result: yes
configure:4960: checking for stdint.h
configure:4960: cc -c -g -O2 -I/usr/local/Cellar/php/8.3.12/include/php -I/usr/local/Cellar/php/8.3.12/include/php/main -I/usr/local/Cellar/php/8.3.12/include/php/TSRM -I/usr/local/Cellar/php/8.3.12/include/php/Zend -I/usr/local/Cellar/php/8.3.12/include/php/ext -I/usr/local/Cellar/php/8.3.12/include/php/ext/date/lib  conftest.c >&5
configure:4960: $? = 0
configure:4960: result: yes
configure:4960: checking for strings.h
configure:4960: cc -c -g -O2 -I/usr/local/Cellar/php/8.3.12/include/php -I/usr/local/Cellar/php/8.3.12/include/php/main -I/usr/local/Cellar/php/8.3.12/include/php/TSRM -I/usr/local/Cellar/php/8.3.12/include/php/Zend -I/usr/local/Cellar/php/8.3.12/include/php/ext -I/usr/local/Cellar/php/8.3.12/include/php/ext/date/lib  conftest.c >&5
configure:4960: $? = 0
configure:4960: result: yes
configure:4960: checking for sys/stat.h
configure:4960: cc -c -g -O2 -I/usr/local/Cellar/php/8.3.12/include/php -I/usr/local/Cellar/php/8.3.12/include/php/main -I/usr/local/Cellar/php/8.3.12/include/php/TSRM -I/usr/local/Cellar/php/8.3.12/include/php/Zend -I/usr/local/Cellar/php/8.3.12/include/php/ext -I/usr/local/Cellar/php/8.3.12/include/php/ext/date/lib  conftest.c >&5
configure:4960: $? = 0
configure:4960: result: yes
configure:4960: checking for sys/types.h
configure:4960: cc -c -g -O2 -I/usr/local/Cellar/php/8.3.12/include/php -I/usr/local/Cellar/php/8.3.12/include/php/main -I/usr/local/Cellar/php/8.3.12/include/php/TSRM -I/usr/local/Cellar/php/8.3.12/include/php/Zend -I/usr/local/Cellar/php/8.3.12/include/php/ext -I/usr/local/Cellar/php/8.3.12/include/php/ext/date/lib  conftest.c >&5
configure:4960: $? = 0
configure:4960: result: yes
configure:4960: checking for unistd.h
configure:4960: cc -c -g -O2 -I/usr/local/Cellar/php/8.3.12/include/php -I/usr/local/Cellar/php/8.3.12/include/php/main -I/usr/local/Cellar/php/8.3.12/include/php/TSRM -I/usr/local/Cellar/php/8.3.12/include/php/Zend -I/usr/local/Cellar/php/8.3.12/include/php/ext -I/usr/local/Cellar/php/8.3.12/include/php/ext/date/lib  conftest.c >&5
configure:4960: $? = 0
configure:4960: result: yes
configure:4985: checking for netinet/in.h
configure:4985: cc -c -g -O2 -I/usr/local/Cellar/php/8.3.12/include/php -I/usr/local/Cellar/php/8.3.12/include/php/main -I/usr/local/Cellar/php/8.3.12/include/php/TSRM -I/usr/local/Cellar/php/8.3.12/include/php/Zend -I/usr/local/Cellar/php/8.3.12/include/php/ext -I/usr/local/Cellar/php/8.3.12/include/php/ext/date/lib  conftest.c >&5
configure:4985: $? = 0
configure:4985: result: yes
configure:4991: checking for poll.h
configure:4991: cc -c -g -O2 -I/usr/local/Cellar/php/8.3.12/include/php -I/usr/local/Cellar/php/8.3.12/include/php/main -I/usr/local/Cellar/php/8.3.12/include/php/TSRM -I/usr/local/Cellar/php/8.3.12/include/php/Zend -I/usr/local/Cellar/php/8.3.12/include/php/ext -I/usr/local/Cellar/php/8.3.12/include/php/ext/date/lib  conftest.c >&5
configure:4991: $? = 0
configure:4991: result: yes
configure:4997: checking for sys/poll.h
configure:4997: cc -c -g -O2 -I/usr/local/Cellar/php/8.3.12/include/php -I/usr/local/Cellar/php/8.3.12/include/php/main -I/usr/local/Cellar/php/8.3.12/include/php/TSRM -I/usr/local/Cellar/php/8.3.12/include/php/Zend -I/usr/local/Cellar/php/8.3.12/include/php/ext -I/usr/local/Cellar/php/8.3.12/include/php/ext/date/lib  conftest.c >&5
configure:4997: $? = 0
configure:4997: result: yes
configure:5032: checking for res_ninit
configure:5032: cc -o conftest -g -O2 -I/usr/local/Cellar/php/8.3.12/include/php -I/usr/local/Cellar/php/8.3.12/include/php/main -I/usr/local/Cellar/php/8.3.12/include/php/TSRM -I/usr/local/Cellar/php/8.3.12/include/php/Zend -I/usr/local/Cellar/php/8.3.12/include/php/ext -I/usr/local/Cellar/php/8.3.12/include/php/ext/date/lib   conftest.c  >&5
Undefined symbols for architecture x86_64:
  "_res_ninit", referenced from:
      _main in conftest-d0ef0a.o
ld: symbol(s) not found for architecture x86_64
clang: error: linker command failed with exit code 1 (use -v to see invocation)
configure:5032: $? = 1
configure: failed program was:
| /* confdefs.h */
| #define PACKAGE_NAME ""
| #define PACKAGE_TARNAME ""
| #define PACKAGE_VERSION ""
| #define PACKAGE_STRING ""
| #define PACKAGE_BUGREPORT ""
| #define PACKAGE_URL ""
| #define HAVE_XDEBUG 1
| #define HAVE_XDEBUG_CLOCK_GETTIME 1
| #define HAVE_XDEBUG_CLOCK_GETTIME_NSEC_NP 1
| #define HAVE_GETTIMEOFDAY 1
| #define HAVE_STDIO_H 1
| #define HAVE_STDLIB_H 1
| #define HAVE_STRING_H 1
| #define HAVE_INTTYPES_H 1
| #define HAVE_STDINT_H 1
| #define HAVE_STRINGS_H 1
| #define HAVE_SYS_STAT_H 1
| #define HAVE_SYS_TYPES_H 1
| #define HAVE_UNISTD_H 1
| #define STDC_HEADERS 1
| #define HAVE_NETINET_IN_H 1
| #define HAVE_POLL_H 1
| #define HAVE_SYS_POLL_H 1
| /* end confdefs.h.  */
| /* Define res_ninit to an innocuous variant, in case <limits.h> declares res_ninit.
|    For example, HP-UX 11i <limits.h> declares gettimeofday.  */
| #define res_ninit innocuous_res_ninit
| 
| /* System header to define __stub macros and hopefully few prototypes,
|    which can conflict with char res_ninit (void); below.  */
| 
| #include <limits.h>
| #undef res_ninit
| 
| /* Override any GCC internal prototype to avoid an error.
|    Use char because int might match the return type of a GCC
|    builtin and then its argument prototype would still apply.  */
| #ifdef __cplusplus
| extern "C"
| #endif
| char res_ninit (void);
| /* The GNU C library defines this for functions which it implements
|     to always fail with ENOSYS.  Some functions are actually named
|     something starting with __ and the normal name is an alias.  */
| #if defined __stub_res_ninit || defined __stub___res_ninit
| choke me
| #endif
| 
| int
| main (void)
| {
| return res_ninit ();
|   ;
|   return 0;
| }
configure:5032: result: no
configure:5037: checking for __res_ninit
configure:5037: cc -o conftest -g -O2 -I/usr/local/Cellar/php/8.3.12/include/php -I/usr/local/Cellar/php/8.3.12/include/php/main -I/usr/local/Cellar/php/8.3.12/include/php/TSRM -I/usr/local/Cellar/php/8.3.12/include/php/Zend -I/usr/local/Cellar/php/8.3.12/include/php/ext -I/usr/local/Cellar/php/8.3.12/include/php/ext/date/lib   conftest.c  >&5
Undefined symbols for architecture x86_64:
  "___res_ninit", referenced from:
      _main in conftest-6fc725.o
ld: symbol(s) not found for architecture x86_64
clang: error: linker command failed with exit code 1 (use -v to see invocation)
configure:5037: $? = 1
configure: failed program was:
| /* confdefs.h */
| #define PACKAGE_NAME ""
| #define PACKAGE_TARNAME ""
| #define PACKAGE_VERSION ""
| #define PACKAGE_STRING ""
| #define PACKAGE_BUGREPORT ""
| #define PACKAGE_URL ""
| #define HAVE_XDEBUG 1
| #define HAVE_XDEBUG_CLOCK_GETTIME 1
| #define HAVE_XDEBUG_CLOCK_GETTIME_NSEC_NP 1
| #define HAVE_GETTIMEOFDAY 1
| #define HAVE_STDIO_H 1
| #define HAVE_STDLIB_H 1
| #define HAVE_STRING_H 1
| #define HAVE_INTTYPES_H 1
| #define HAVE_STDINT_H 1
| #define HAVE_STRINGS_H 1
| #define HAVE_SYS_STAT_H 1
| #define HAVE_SYS_TYPES_H 1
| #define HAVE_UNISTD_H 1
| #define STDC_HEADERS 1
| #define HAVE_NETINET_IN_H 1
| #define HAVE_POLL_H 1
| #define HAVE_SYS_POLL_H 1
| /* end confdefs.h.  */
| /* Define __res_ninit to an innocuous variant, in case <limits.h> declares __res_ninit.
|    For example, HP-UX 11i <limits.h> declares gettimeofday.  */
| #define __res_ninit innocuous___res_ninit
| 
| /* System header to define __stub macros and hopefully few prototypes,
|    which can conflict with char __res_ninit (void); below.  */
| 
| #include <limits.h>
| #undef __res_ninit
| 
| /* Override any GCC internal prototype to avoid an error.
|    Use char because int might match the return type of a GCC
|    builtin and then its argument prototype would still apply.  */
| #ifdef __cplusplus
| extern "C"
| #endif
| char __res_ninit (void);
| /* The GNU C library defines this for functions which it implements
|     to always fail with ENOSYS.  Some functions are actually named
|     something starting with __ and the normal name is an alias.  */
| #if defined __stub___res_ninit || defined __stub_____res_ninit
| choke me
| #endif
| 
| int
| main (void)
| {
| return __res_ninit ();
|   ;
|   return 0;
| }
configure:5037: result: no
configure:5063: checking for res_ninit in -lresolv
configure:5092: cc -o conftest -g -O2 -I/usr/local/Cellar/php/8.3.12/include/php -I/usr/local/Cellar/php/8.3.12/include/php/main -I/usr/local/Cellar/php/8.3.12/include/php/TSRM -I/usr/local/Cellar/php/8.3.12/include/php/Zend -I/usr/local/Cellar/php/8.3.12/include/php/ext -I/usr/local/Cellar/php/8.3.12/include/php/ext/date/lib   conftest.c -lresolv   >&5
Undefined symbols for architecture x86_64:
  "_res_ninit", referenced from:
      _main in conftest-550b07.o
ld: symbol(s) not found for architecture x86_64
clang: error: linker command failed with exit code 1 (use -v to see invocation)
configure:5092: $? = 1
configure: failed program was:
| /* confdefs.h */
| #define PACKAGE_NAME ""
| #define PACKAGE_TARNAME ""
| #define PACKAGE_VERSION ""
| #define PACKAGE_STRING ""
| #define PACKAGE_BUGREPORT ""
| #define PACKAGE_URL ""
| #define HAVE_XDEBUG 1
| #define HAVE_XDEBUG_CLOCK_GETTIME 1
| #define HAVE_XDEBUG_CLOCK_GETTIME_NSEC_NP 1
| #define HAVE_GETTIMEOFDAY 1
| #define HAVE_STDIO_H 1
| #define HAVE_STDLIB_H 1
| #define HAVE_STRING_H 1
| #define HAVE_INTTYPES_H 1
| #define HAVE_STDINT_H 1
| #define HAVE_STRINGS_H 1
| #define HAVE_SYS_STAT_H 1
| #define HAVE_SYS_TYPES_H 1
| #define HAVE_UNISTD_H 1
| #define STDC_HEADERS 1
| #define HAVE_NETINET_IN_H 1
| #define HAVE_POLL_H 1
| #define HAVE_SYS_POLL_H 1
| /* end confdefs.h.  */
| 
| /* Override any GCC internal prototype to avoid an error.
|    Use char because int might match the return type of a GCC
|    builtin and then its argument prototype would still apply.
|    The 'extern "C"' is for builds by C++ compilers;
|    although this is not generally supported in C code supporting it here
|    has little cost and some practical benefit (sr 110532).  */
| #ifdef __cplusplus
| extern "C"
| #endif
| char res_ninit (void);
| int
| main (void)
| {
| return res_ninit ();
|   ;
|   return 0;
| }
configure:5104: result: no
configure:5111: checking for __res_ninit in -lresolv
configure:5140: cc -o conftest -g -O2 -I/usr/local/Cellar/php/8.3.12/include/php -I/usr/local/Cellar/php/8.3.12/include/php/main -I/usr/local/Cellar/php/8.3.12/include/php/TSRM -I/usr/local/Cellar/php/8.3.12/include/php/Zend -I/usr/local/Cellar/php/8.3.12/include/php/ext -I/usr/local/Cellar/php/8.3.12/include/php/ext/date/lib   conftest.c -lresolv   >&5
Undefined symbols for architecture x86_64:
  "___res_ninit", referenced from:
      _main in conftest-b8a0d4.o
ld: symbol(s) not found for architecture x86_64
clang: error: linker command failed with exit code 1 (use -v to see invocation)
configure:5140: $? = 1
configure: failed program was:
| /* confdefs.h */
| #define PACKAGE_NAME ""
| #define PACKAGE_TARNAME ""
| #define PACKAGE_VERSION ""
| #define PACKAGE_STRING ""
| #define PACKAGE_BUGREPORT ""
| #define PACKAGE_URL ""
| #define HAVE_XDEBUG 1
| #define HAVE_XDEBUG_CLOCK_GETTIME 1
| #define HAVE_XDEBUG_CLOCK_GETTIME_NSEC_NP 1
| #define HAVE_GETTIMEOFDAY 1
| #define HAVE_STDIO_H 1
| #define HAVE_STDLIB_H 1
| #define HAVE_STRING_H 1
| #define HAVE_INTTYPES_H 1
| #define HAVE_STDINT_H 1
| #define HAVE_STRINGS_H 1
| #define HAVE_SYS_STAT_H 1
| #define HAVE_SYS_TYPES_H 1
| #define HAVE_UNISTD_H 1
| #define STDC_HEADERS 1
| #define HAVE_NETINET_IN_H 1
| #define HAVE_POLL_H 1
| #define HAVE_SYS_POLL_H 1
| /* end confdefs.h.  */
| 
| /* Override any GCC internal prototype to avoid an error.
|    Use char because int might match the return type of a GCC
|    builtin and then its argument prototype would still apply.
|    The 'extern "C"' is for builds by C++ compilers;
|    although this is not generally supported in C code supporting it here
|    has little cost and some practical benefit (sr 110532).  */
| #ifdef __cplusplus
| extern "C"
| #endif
| char __res_ninit (void);
| int
| main (void)
| {
| return __res_ninit ();
|   ;
|   return 0;
| }
configure:5152: result: no
configure:5228: checking for res_nclose
configure:5228: cc -o conftest -g -O2 -I/usr/local/Cellar/php/8.3.12/include/php -I/usr/local/Cellar/php/8.3.12/include/php/main -I/usr/local/Cellar/php/8.3.12/include/php/TSRM -I/usr/local/Cellar/php/8.3.12/include/php/Zend -I/usr/local/Cellar/php/8.3.12/include/php/ext -I/usr/local/Cellar/php/8.3.12/include/php/ext/date/lib   conftest.c  >&5
Undefined symbols for architecture x86_64:
  "_res_nclose", referenced from:
      _main in conftest-d745f4.o
ld: symbol(s) not found for architecture x86_64
clang: error: linker command failed with exit code 1 (use -v to see invocation)
configure:5228: $? = 1
configure: failed program was:
| /* confdefs.h */
| #define PACKAGE_NAME ""
| #define PACKAGE_TARNAME ""
| #define PACKAGE_VERSION ""
| #define PACKAGE_STRING ""
| #define PACKAGE_BUGREPORT ""
| #define PACKAGE_URL ""
| #define HAVE_XDEBUG 1
| #define HAVE_XDEBUG_CLOCK_GETTIME 1
| #define HAVE_XDEBUG_CLOCK_GETTIME_NSEC_NP 1
| #define HAVE_GETTIMEOFDAY 1
| #define HAVE_STDIO_H 1
| #define HAVE_STDLIB_H 1
| #define HAVE_STRING_H 1
| #define HAVE_INTTYPES_H 1
| #define HAVE_STDINT_H 1
| #define HAVE_STRINGS_H 1
| #define HAVE_SYS_STAT_H 1
| #define HAVE_SYS_TYPES_H 1
| #define HAVE_UNISTD_H 1
| #define STDC_HEADERS 1
| #define HAVE_NETINET_IN_H 1
| #define HAVE_POLL_H 1
| #define HAVE_SYS_POLL_H 1
| /* end confdefs.h.  */
| /* Define res_nclose to an innocuous variant, in case <limits.h> declares res_nclose.
|    For example, HP-UX 11i <limits.h> declares gettimeofday.  */
| #define res_nclose innocuous_res_nclose
| 
| /* System header to define __stub macros and hopefully few prototypes,
|    which can conflict with char res_nclose (void); below.  */
| 
| #include <limits.h>
| #undef res_nclose
| 
| /* Override any GCC internal prototype to avoid an error.
|    Use char because int might match the return type of a GCC
|    builtin and then its argument prototype would still apply.  */
| #ifdef __cplusplus
| extern "C"
| #endif
| char res_nclose (void);
| /* The GNU C library defines this for functions which it implements
|     to always fail with ENOSYS.  Some functions are actually named
|     something starting with __ and the normal name is an alias.  */
| #if defined __stub_res_nclose || defined __stub___res_nclose
| choke me
| #endif
| 
| int
| main (void)
| {
| return res_nclose ();
|   ;
|   return 0;
| }
configure:5228: result: no
configure:5233: checking for __res_nclose
configure:5233: cc -o conftest -g -O2 -I/usr/local/Cellar/php/8.3.12/include/php -I/usr/local/Cellar/php/8.3.12/include/php/main -I/usr/local/Cellar/php/8.3.12/include/php/TSRM -I/usr/local/Cellar/php/8.3.12/include/php/Zend -I/usr/local/Cellar/php/8.3.12/include/php/ext -I/usr/local/Cellar/php/8.3.12/include/php/ext/date/lib   conftest.c  >&5
Undefined symbols for architecture x86_64:
  "___res_nclose", referenced from:
      _main in conftest-b66c8b.o
ld: symbol(s) not found for architecture x86_64
clang: error: linker command failed with exit code 1 (use -v to see invocation)
configure:5233: $? = 1
configure: failed program was:
| /* confdefs.h */
| #define PACKAGE_NAME ""
| #define PACKAGE_TARNAME ""
| #define PACKAGE_VERSION ""
| #define PACKAGE_STRING ""
| #define PACKAGE_BUGREPORT ""
| #define PACKAGE_URL ""
| #define HAVE_XDEBUG 1
| #define HAVE_XDEBUG_CLOCK_GETTIME 1
| #define HAVE_XDEBUG_CLOCK_GETTIME_NSEC_NP 1
| #define HAVE_GETTIMEOFDAY 1
| #define HAVE_STDIO_H 1
| #define HAVE_STDLIB_H 1
| #define HAVE_STRING_H 1
| #define HAVE_INTTYPES_H 1
| #define HAVE_STDINT_H 1
| #define HAVE_STRINGS_H 1
| #define HAVE_SYS_STAT_H 1
| #define HAVE_SYS_TYPES_H 1
| #define HAVE_UNISTD_H 1
| #define STDC_HEADERS 1
| #define HAVE_NETINET_IN_H 1
| #define HAVE_POLL_H 1
| #define HAVE_SYS_POLL_H 1
| /* end confdefs.h.  */
| /* Define __res_nclose to an innocuous variant, in case <limits.h> declares __res_nclose.
|    For example, HP-UX 11i <limits.h> declares gettimeofday.  */
| #define __res_nclose innocuous___res_nclose
| 
| /* System header to define __stub macros and hopefully few prototypes,
|    which can conflict with char __res_nclose (void); below.  */
| 
| #include <limits.h>
| #undef __res_nclose
| 
| /* Override any GCC internal prototype to avoid an error.
|    Use char because int might match the return type of a GCC
|    builtin and then its argument prototype would still apply.  */
| #ifdef __cplusplus
| extern "C"
| #endif
| char __res_nclose (void);
| /* The GNU C library defines this for functions which it implements
|     to always fail with ENOSYS.  Some functions are actually named
|     something starting with __ and the normal name is an alias.  */
| #if defined __stub___res_nclose || defined __stub_____res_nclose
| choke me
| #endif
| 
| int
| main (void)
| {
| return __res_nclose ();
|   ;
|   return 0;
| }
configure:5233: result: no
configure:5259: checking for res_nclose in -lresolv
configure:5288: cc -o conftest -g -O2 -I/usr/local/Cellar/php/8.3.12/include/php -I/usr/local/Cellar/php/8.3.12/include/php/main -I/usr/local/Cellar/php/8.3.12/include/php/TSRM -I/usr/local/Cellar/php/8.3.12/include/php/Zend -I/usr/local/Cellar/php/8.3.12/include/php/ext -I/usr/local/Cellar/php/8.3.12/include/php/ext/date/lib   conftest.c -lresolv   >&5
Undefined symbols for architecture x86_64:
  "_res_nclose", referenced from:
      _main in conftest-97f042.o
ld: symbol(s) not found for architecture x86_64
clang: error: linker command failed with exit code 1 (use -v to see invocation)
configure:5288: $? = 1
configure: failed program was:
| /* confdefs.h */
| #define PACKAGE_NAME ""
| #define PACKAGE_TARNAME ""
| #define PACKAGE_VERSION ""
| #define PACKAGE_STRING ""
| #define PACKAGE_BUGREPORT ""
| #define PACKAGE_URL ""
| #define HAVE_XDEBUG 1
| #define HAVE_XDEBUG_CLOCK_GETTIME 1
| #define HAVE_XDEBUG_CLOCK_GETTIME_NSEC_NP 1
| #define HAVE_GETTIMEOFDAY 1
| #define HAVE_STDIO_H 1
| #define HAVE_STDLIB_H 1
| #define HAVE_STRING_H 1
| #define HAVE_INTTYPES_H 1
| #define HAVE_STDINT_H 1
| #define HAVE_STRINGS_H 1
| #define HAVE_SYS_STAT_H 1
| #define HAVE_SYS_TYPES_H 1
| #define HAVE_UNISTD_H 1
| #define STDC_HEADERS 1
| #define HAVE_NETINET_IN_H 1
| #define HAVE_POLL_H 1
| #define HAVE_SYS_POLL_H 1
| /* end confdefs.h.  */
| 
| /* Override any GCC internal prototype to avoid an error.
|    Use char because int might match the return type of a GCC
|    builtin and then its argument prototype would still apply.
|    The 'extern "C"' is for builds by C++ compilers;
|    although this is not generally supported in C code supporting it here
|    has little cost and some practical benefit (sr 110532).  */
| #ifdef __cplusplus
| extern "C"
| #endif
| char res_nclose (void);
| int
| main (void)
| {
| return res_nclose ();
|   ;
|   return 0;
| }
configure:5300: result: no
configure:5307: checking for __res_nclose in -lresolv
configure:5336: cc -o conftest -g -O2 -I/usr/local/Cellar/php/8.3.12/include/php -I/usr/local/Cellar/php/8.3.12/include/php/main -I/usr/local/Cellar/php/8.3.12/include/php/TSRM -I/usr/local/Cellar/php/8.3.12/include/php/Zend -I/usr/local/Cellar/php/8.3.12/include/php/ext -I/usr/local/Cellar/php/8.3.12/include/php/ext/date/lib   conftest.c -lresolv   >&5
Undefined symbols for architecture x86_64:
  "___res_nclose", referenced from:
      _main in conftest-71a9b2.o
ld: symbol(s) not found for architecture x86_64
clang: error: linker command failed with exit code 1 (use -v to see invocation)
configure:5336: $? = 1
configure: failed program was:
| /* confdefs.h */
| #define PACKAGE_NAME ""
| #define PACKAGE_TARNAME ""
| #define PACKAGE_VERSION ""
| #define PACKAGE_STRING ""
| #define PACKAGE_BUGREPORT ""
| #define PACKAGE_URL ""
| #define HAVE_XDEBUG 1
| #define HAVE_XDEBUG_CLOCK_GETTIME 1
| #define HAVE_XDEBUG_CLOCK_GETTIME_NSEC_NP 1
| #define HAVE_GETTIMEOFDAY 1
| #define HAVE_STDIO_H 1
| #define HAVE_STDLIB_H 1
| #define HAVE_STRING_H 1
| #define HAVE_INTTYPES_H 1
| #define HAVE_STDINT_H 1
| #define HAVE_STRINGS_H 1
| #define HAVE_SYS_STAT_H 1
| #define HAVE_SYS_TYPES_H 1
| #define HAVE_UNISTD_H 1
| #define STDC_HEADERS 1
| #define HAVE_NETINET_IN_H 1
| #define HAVE_POLL_H 1
| #define HAVE_SYS_POLL_H 1
| /* end confdefs.h.  */
| 
| /* Override any GCC internal prototype to avoid an error.
|    Use char because int might match the return type of a GCC
|    builtin and then its argument prototype would still apply.
|    The 'extern "C"' is for builds by C++ compilers;
|    although this is not generally supported in C code supporting it here
|    has little cost and some practical benefit (sr 110532).  */
| #ifdef __cplusplus
| extern "C"
| #endif
| char __res_nclose (void);
| int
| main (void)
| {
| return __res_nclose ();
|   ;
|   return 0;
| }
configure:5348: result: no
configure:5525: checking for cos in -lm
configure:5554: cc -o conftest -g -O2 -I/usr/local/Cellar/php/8.3.12/include/php -I/usr/local/Cellar/php/8.3.12/include/php/main -I/usr/local/Cellar/php/8.3.12/include/php/TSRM -I/usr/local/Cellar/php/8.3.12/include/php/Zend -I/usr/local/Cellar/php/8.3.12/include/php/ext -I/usr/local/Cellar/php/8.3.12/include/php/ext/date/lib   conftest.c -lm   >&5
conftest.c:36:6: warning: incompatible redeclaration of library function 'cos' [-Wincompatible-library-redeclaration]
   36 | char cos (void);
      |      ^
conftest.c:36:6: note: 'cos' is a builtin with type 'double (double)'
1 warning generated.
configure:5554: $? = 0
configure:5566: result: yes
configure:5611: checking for zlib >= 1.2.9
configure:5670: result: no
configure:7820: checking for a sed that does not truncate output
configure:7876: result: /usr/bin/sed
configure:7892: checking for ld used by cc
configure:7961: result: /Library/Developer/CommandLineTools/usr/bin/ld
configure:7968: checking if the linker (/Library/Developer/CommandLineTools/usr/bin/ld) is GNU ld
configure:7985: result: no
configure:7990: checking for /Library/Developer/CommandLineTools/usr/bin/ld option to reload object files
configure:7999: result: -r
configure:8017: checking for BSD-compatible nm
configure:8068: result: /usr/bin/nm -B
configure:8072: checking whether ln -s works
configure:8076: result: yes
configure:8083: checking how to recognize dependent libraries
configure:8271: result: pass_all
configure:8492: checking for dlfcn.h
configure:8492: cc -c -g -O2  conftest.c >&5
configure:8492: $? = 0
configure:8492: result: yes
configure:8511: checking the maximum length of command line arguments
configure:8625: result: 786432
configure:8637: checking command to parse /usr/bin/nm -B output from cc object
configure:8743: cc -c -g -O2  conftest.c >&5
configure:8746: $? = 0
configure:8750: /usr/bin/nm -B conftest.o \| sed -n -e 's/^.*[ 	]\([ABCDGIRSTW][ABCDGIRSTW]*\)[ 	][ 	]*\([_A-Za-z][_A-Za-z0-9]*\)$/\1 \2 \2/p' \> conftest.nm
configure:8753: $? = 0
cannot find nm_test_var in conftest.nm
configure:8743: cc -c -g -O2  conftest.c >&5
configure:8746: $? = 0
configure:8750: /usr/bin/nm -B conftest.o \| sed -n -e 's/^.*[ 	]\([ABCDGIRSTW][ABCDGIRSTW]*\)[ 	][ 	]*_\([_A-Za-z][_A-Za-z0-9]*\)$/\1 _\2 \2/p' \> conftest.nm
configure:8753: $? = 0
configure:8805: cc -o conftest -g -O2   conftest.c conftstm.o >&5
configure:8808: $? = 0
configure:8847: result: ok
configure:8851: checking for objdir
configure:8868: result: .libs
configure:8966: checking for ar
configure:8987: found /Users/vaquero/anaconda3/bin/ar
configure:8999: result: ar
configure:9070: checking for ranlib
configure:9091: found /Users/vaquero/anaconda3/bin/ranlib
configure:9103: result: ranlib
configure:9174: checking for strip
configure:9195: found /Users/vaquero/anaconda3/bin/strip
configure:9207: result: strip
configure:9470: checking for dsymutil
configure:9491: found /usr/bin/dsymutil
configure:9503: result: dsymutil
configure:9574: checking for nmedit
configure:9595: found /Users/vaquero/anaconda3/bin/nmedit
configure:9607: result: nmedit
configure:9630: checking for -single_module linker flag
configure:9653: result: yes
configure:9655: checking for -exported_symbols_list linker flag
configure:9672: cc -o conftest -g -O2   -Wl,-exported_symbols_list,conftest.sym conftest.c  >&5
configure:9675: $? = 0
configure:9690: result: yes
configure:9810: checking if cc supports -fno-rtti -fno-exceptions
configure:9829: cc -c -g -O2  -fno-rtti -fno-exceptions conftest.c >&5
configure:9833: $? = 0
configure:9847: result: yes
configure:9862: checking for cc option to produce PIC
configure:10102: result: -fno-common
configure:10110: checking if cc PIC flag -fno-common works
configure:10129: cc -c -g -O2  -fno-common -DPIC conftest.c >&5
configure:10133: $? = 0
configure:10147: result: yes
configure:10175: checking if cc static flag -static works
configure:10205: result: no
configure:10215: checking if cc supports -c -o file.o
configure:10237: cc -c -g -O2  -o out/conftest2.o conftest.c >&5
configure:10241: $? = 0
configure:10264: result: yes
configure:10290: checking whether the cc linker (/Library/Developer/CommandLineTools/usr/bin/ld) supports shared libraries
configure:11218: result: yes
configure:11285: checking dynamic linker characteristics
configure:11894: result: darwin23.6.0 dyld
configure:11922: checking how to hardcode library paths into programs
configure:11947: result: immediate
configure:11961: checking whether stripping libraries is possible
configure:11975: result: yes
configure:12529: checking if libtool supports shared libraries
configure:12531: result: yes
configure:12534: checking whether to build shared libraries
configure:12555: result: yes
configure:12558: checking whether to build static libraries
configure:12562: result: no
configure:12656: result:
creating libtool
configure:16441: patching config.h.in
configure:16452: creating ./config.status

## ---------------------- ##
## Running config.status. ##
## ---------------------- ##

This file was extended by config.status, which was
generated by GNU Autoconf 2.72.  Invocation command line was

  CONFIG_FILES    = 
  CONFIG_HEADERS  = 
  CONFIG_LINKS    = 
  CONFIG_COMMANDS = 
  $ ./config.status 

on MBP16deVictor.home

config.status:679: creating config.h

## ---------------- ##
## Cache variables. ##
## ---------------- ##

ac_cv_build=x86_64-apple-darwin23.6.0
ac_cv_c_compiler_gnu=yes
ac_cv_env_CC_set=
ac_cv_env_CC_value=
ac_cv_env_CFLAGS_set=
ac_cv_env_CFLAGS_value=
ac_cv_env_CPPFLAGS_set=
ac_cv_env_CPPFLAGS_value=
ac_cv_env_CPP_set=
ac_cv_env_CPP_value=
ac_cv_env_LDFLAGS_set=
ac_cv_env_LDFLAGS_value=
ac_cv_env_LIBS_set=
ac_cv_env_LIBS_value=
ac_cv_env_PKG_CONFIG_LIBDIR_set=
ac_cv_env_PKG_CONFIG_LIBDIR_value=
ac_cv_env_PKG_CONFIG_PATH_set=
ac_cv_env_PKG_CONFIG_PATH_value=
ac_cv_env_PKG_CONFIG_set=
ac_cv_env_PKG_CONFIG_value=
ac_cv_env_ZLIB_CFLAGS_set=
ac_cv_env_ZLIB_CFLAGS_value=
ac_cv_env_ZLIB_LIBS_set=
ac_cv_env_ZLIB_LIBS_value=
ac_cv_env_build_alias_set=
ac_cv_env_build_alias_value=
ac_cv_env_host_alias_set=
ac_cv_env_host_alias_value=
ac_cv_env_target_alias_set=
ac_cv_env_target_alias_value=
ac_cv_func___res_nclose=no
ac_cv_func___res_ninit=no
ac_cv_func_clock_gettime_nsec_np=yes
ac_cv_func_gettimeofday=yes
ac_cv_func_res_nclose=no
ac_cv_func_res_ninit=no
ac_cv_header_dlfcn_h=yes
ac_cv_header_inttypes_h=yes
ac_cv_header_netinet_in_h=yes
ac_cv_header_poll_h=yes
ac_cv_header_stdint_h=yes
ac_cv_header_stdio_h=yes
ac_cv_header_stdlib_h=yes
ac_cv_header_string_h=yes
ac_cv_header_strings_h=yes
ac_cv_header_sys_poll_h=yes
ac_cv_header_sys_stat_h=yes
ac_cv_header_sys_types_h=yes
ac_cv_header_unistd_h=yes
ac_cv_host=x86_64-apple-darwin23.6.0
ac_cv_lib_m_cos=yes
ac_cv_lib_resolv___res_nclose=no
ac_cv_lib_resolv___res_ninit=no
ac_cv_lib_resolv_res_nclose=no
ac_cv_lib_resolv_res_ninit=no
ac_cv_objext=o
ac_cv_path_EGREP='/usr/bin/grep -E'
ac_cv_path_EGREP_TRADITIONAL='/usr/bin/grep -E'
ac_cv_path_GREP=/usr/bin/grep
ac_cv_path_SED=/usr/bin/sed
ac_cv_prog_AWK=awk
ac_cv_prog_CPP='cc -E'
ac_cv_prog_ac_ct_AR=ar
ac_cv_prog_ac_ct_CC=cc
ac_cv_prog_ac_ct_DSYMUTIL=dsymutil
ac_cv_prog_ac_ct_NMEDIT=nmedit
ac_cv_prog_ac_ct_RANLIB=ranlib
ac_cv_prog_ac_ct_STRIP=strip
ac_cv_prog_cc_c11=
ac_cv_prog_cc_g=yes
ac_cv_prog_cc_stdc=
ac_cv_target=x86_64-apple-darwin23.6.0
lt_cv_apple_cc_single_mod=yes
lt_cv_deplibs_check_method=pass_all
lt_cv_file_magic_cmd='$MAGIC_CMD'
lt_cv_file_magic_test_file=
lt_cv_ld_exported_symbols_list=yes
lt_cv_ld_reload_flag=-r
lt_cv_objdir=.libs
lt_cv_path_LD=/Library/Developer/CommandLineTools/usr/bin/ld
lt_cv_path_NM='/usr/bin/nm -B'
lt_cv_path_SED=/usr/bin/sed
lt_cv_prog_compiler_c_o=yes
lt_cv_prog_compiler_pic_works=yes
lt_cv_prog_compiler_rtti_exceptions=yes
lt_cv_prog_compiler_static_works=no
lt_cv_prog_gnu_ld=no
lt_cv_sys_global_symbol_pipe='sed -n -e '\''s/^.*[ 	]\([ABCDGIRSTW][ABCDGIRSTW]*\)[ 	][ 	]*_\([_A-Za-z][_A-Za-z0-9]*\)$/\1 _\2 \2/p'\'''
lt_cv_sys_global_symbol_to_c_name_address='sed -n -e '\''s/^: \([^ ]*\) $/  {\"\1\", (lt_ptr) 0},/p'\'' -e '\''s/^[BCDEGRST] \([^ ]*\) \([^ ]*\)$/  {"\2", (lt_ptr) \&\2},/p'\'''
lt_cv_sys_global_symbol_to_cdecl='sed -n -e '\''s/^. .* \(.*\)$/extern int \1;/p'\'''
lt_cv_sys_lib_dlsearch_path_spec='/usr/local/lib /lib /usr/lib'
lt_cv_sys_lib_search_path_spec='/Library/Developer/CommandLineTools/usr/lib/clang/16 /usr/local/lib'
lt_cv_sys_max_cmd_len=786432
lt_lt_cv_prog_compiler_c_o='"yes"'
lt_lt_cv_sys_global_symbol_pipe='"sed -n -e '\''s/^.*[ 	]\\([ABCDGIRSTW][ABCDGIRSTW]*\\)[ 	][ 	]*_\\([_A-Za-z][_A-Za-z0-9]*\\)\$/\\1 _\\2 \\2/p'\''"'
lt_lt_cv_sys_global_symbol_to_c_name_address='"sed -n -e '\''s/^: \\([^ ]*\\) \$/  {\\\"\\1\\\", (lt_ptr) 0},/p'\'' -e '\''s/^[BCDEGRST] \\([^ ]*\\) \\([^ ]*\\)\$/  {\"\\2\", (lt_ptr) \\&\\2},/p'\''"'
lt_lt_cv_sys_global_symbol_to_cdecl='"sed -n -e '\''s/^. .* \\(.*\\)\$/extern int \\1;/p'\''"'
php_cv_cc_rpath=yes

## ----------------- ##
## Output variables. ##
## ----------------- ##

AR='ar'
AWK='awk'
BUILD_CC='cc'
CC='cc'
CFLAGS='-g -O2'
CONFIGURE_COMMAND=' '\''./configure'\'' '
CONFIGURE_OPTIONS=''
CPP='cc -E'
CPPFLAGS=' -DHAVE_CONFIG_H'
DEFS='-DHAVE_CONFIG_H'
DSYMUTIL='dsymutil'
ECHO='/bin/echo'
ECHO_C='\c'
ECHO_N=''
ECHO_T=''
EGREP='/usr/bin/grep -E'
EXEEXT=''
GREP='/usr/bin/grep'
LDFLAGS=''
LIBOBJS=''
LIBS=''
LIBTOOL='$(SHELL) $(top_builddir)/libtool'
LN_S='ln -s'
LTLIBOBJS=''
NMEDIT='nmedit'
OBJEXT='o'
PACKAGE_BUGREPORT=''
PACKAGE_NAME=''
PACKAGE_STRING=''
PACKAGE_TARNAME=''
PACKAGE_URL=''
PACKAGE_VERSION=''
PATH_SEPARATOR=':'
PKG_CONFIG=''
PKG_CONFIG_LIBDIR=''
PKG_CONFIG_PATH=''
RANLIB='ranlib'
SED='/usr/bin/sed'
SHELL='/bin/sh'
SHLIB_DL_SUFFIX_NAME='so'
SHLIB_SUFFIX_NAME='dylib'
STRIP='strip'
ZLIB_CFLAGS=''
ZLIB_LIBS=''
ac_ct_CC='cc'
bindir='${exec_prefix}/bin'
build='x86_64-apple-darwin23.6.0'
build_alias=''
build_cpu='x86_64'
build_os='darwin23.6.0'
build_vendor='apple'
datadir='${datarootdir}'
datarootdir='${prefix}/share'
docdir='${datarootdir}/doc/${PACKAGE}'
dvidir='${docdir}'
exec_prefix='$(prefix)'
host='x86_64-apple-darwin23.6.0'
host_alias='x86_64-apple-darwin23.6.0'
host_cpu='x86_64'
host_os='darwin23.6.0'
host_vendor='apple'
htmldir='${docdir}'
includedir='${prefix}/include'
infodir='${datarootdir}/info'
libdir='${exec_prefix}/lib'
libexecdir='${exec_prefix}/libexec'
localedir='${datarootdir}/locale'
localstatedir='${prefix}/var'
mandir='${datarootdir}/man'
oldincludedir='/usr/include'
pdfdir='${docdir}'
prefix='/usr/local/Cellar/php/8.3.12'
program_transform_name='s,x,x,'
psdir='${docdir}'
runstatedir='${localstatedir}/run'
sbindir='${exec_prefix}/sbin'
sharedstatedir='${prefix}/com'
sysconfdir='${prefix}/etc'
target='x86_64-apple-darwin23.6.0'
target_alias=''
target_cpu='x86_64'
target_os='darwin23.6.0'
target_vendor='apple'

## ----------- ##
## confdefs.h. ##
## ----------- ##

/* confdefs.h */
#define PACKAGE_NAME ""
#define PACKAGE_TARNAME ""
#define PACKAGE_VERSION ""
#define PACKAGE_STRING ""
#define PACKAGE_BUGREPORT ""
#define PACKAGE_URL ""
#define HAVE_XDEBUG 1
#define HAVE_XDEBUG_CLOCK_GETTIME 1
#define HAVE_XDEBUG_CLOCK_GETTIME_NSEC_NP 1
#define HAVE_GETTIMEOFDAY 1
#define HAVE_STDIO_H 1
#define HAVE_STDLIB_H 1
#define HAVE_STRING_H 1
#define HAVE_INTTYPES_H 1
#define HAVE_STDINT_H 1
#define HAVE_STRINGS_H 1
#define HAVE_SYS_STAT_H 1
#define HAVE_SYS_TYPES_H 1
#define HAVE_UNISTD_H 1
#define STDC_HEADERS 1
#define HAVE_NETINET_IN_H 1
#define HAVE_POLL_H 1
#define HAVE_SYS_POLL_H 1
#define COMPILE_DL_XDEBUG 1
#define HAVE_DLFCN_H 1

configure: exit 0
